<?xml version="1.0" encoding="UTF-8"?>
<testng-results skipped="0" failed="0" total="2" passed="2">
  <reporter-output>
  </reporter-output>
  <suite name="Tracker_notes" duration-ms="60" started-at="2015-06-14T11:12:29Z" finished-at="2015-06-14T11:12:29Z">
    <groups>
    </groups>
    <test name="com.tracker.utility.ReadJsonTest" duration-ms="60" started-at="2015-06-14T11:12:29Z" finished-at="2015-06-14T11:12:29Z">
      <class name="com.tracker.utility.ReadJsonTest">
        <test-method status="PASS" signature="testReadNotesJason()[pri:0, instance:testReadNotesJason(com.tracker.utility.ReadJsonTest)]" name="testReadNotesJason" duration-ms="8" started-at="2015-06-14T07:12:29Z" finished-at="2015-06-14T07:12:29Z">
          <reporter-output>
          </reporter-output>
        </test-method> <!-- testReadNotesJason -->
        <test-method status="PASS" signature="testReadScriptObject()[pri:0, instance:testReadScriptObject(com.tracker.utility.ReadJsonTest)]" name="testReadScriptObject" duration-ms="8" started-at="2015-06-14T07:12:29Z" finished-at="2015-06-14T07:12:29Z">
          <reporter-output>
          </reporter-output>
        </test-method> <!-- testReadScriptObject -->
      </class> <!-- com.tracker.utility.ReadJsonTest -->
    </test> <!-- com.tracker.utility.ReadJsonTest -->
  </suite> <!-- Tracker_notes -->
</testng-results>
